<?xml version="1.0" encoding="utf-8"?>
<coverage line-rate="0.4105" branch-rate="0.4172" version="1.9" timestamp="1770084636" lines-covered="1058" lines-valid="2577" branches-covered="550" branches-valid="1318">
  <sources>
    <source>/home/runner/work/needlr/needlr/src/</source>
  </sources>
  <packages>
    <package name="NexusLabs.Needlr" line-rate="0" branch-rate="0" complexity="291">
      <classes>
        <class name="NexusLabs.Needlr.ContainerVerificationException" filename="NexusLabs.Needlr/ContainerVerificationException.cs" line-rate="0" branch-rate="0" complexity="4">
          <methods>
            <method name="get_Issues" signature="()" line-rate="0" branch-rate="1" complexity="1">
              <lines>
                <line number="11" hits="0" branch="False" />
              </lines>
            </method>
            <method name="FormatMessage" signature="(System.Collections.Generic.IReadOnlyList`1&lt;NexusLabs.Needlr.VerificationIssue&gt;)" line-rate="0" branch-rate="0" complexity="2">
              <lines>
                <line number="25" hits="0" branch="False" />
                <line number="26" hits="0" branch="False" />
                <line number="28" hits="0" branch="True" condition-coverage="0% (0/2)">
                  <conditions>
                    <condition number="136" type="jump" coverage="0%" />
                  </conditions>
                </line>
                <line number="30" hits="0" branch="False" />
                <line number="33" hits="0" branch="False" />
                <line number="34" hits="0" branch="False" />
              </lines>
            </method>
            <method name=".ctor" signature="(System.Collections.Generic.IReadOnlyList`1&lt;NexusLabs.Needlr.VerificationIssue&gt;)" line-rate="0" branch-rate="1" complexity="1">
              <lines>
                <line number="18" hits="0" branch="False" />
                <line number="20" hits="0" branch="False" />
                <line number="21" hits="0" branch="False" />
              </lines>
            </method>
          </methods>
          <lines>
            <line number="11" hits="0" branch="False" />
            <line number="25" hits="0" branch="False" />
            <line number="26" hits="0" branch="False" />
            <line number="28" hits="0" branch="True" condition-coverage="0% (0/2)">
              <conditions>
                <condition number="136" type="jump" coverage="0%" />
              </conditions>
            </line>
            <line number="30" hits="0" branch="False" />
            <line number="33" hits="0" branch="False" />
            <line number="34" hits="0" branch="False" />
            <line number="18" hits="0" branch="False" />
            <line number="20" hits="0" branch="False" />
            <line number="21" hits="0" branch="False" />
          </lines>
        </class>
        <class name="NexusLabs.Needlr.DecoratorForAttribute`1" filename="NexusLabs.Needlr/DecoratorForAttribute.cs" line-rate="0" branch-rate="1" complexity="2">
          <methods>
            <method name="get_Order" signature="()" line-rate="0" branch-rate="1" complexity="1">
              <lines>
                <line number="85" hits="0" branch="False" />
              </lines>
            </method>
            <method name="get_ServiceType" signature="()" line-rate="0" branch-rate="1" complexity="1">
              <lines>
                <line number="90" hits="0" branch="False" />
              </lines>
            </method>
          </methods>
          <lines>
            <line number="85" hits="0" branch="False" />
            <line number="90" hits="0" branch="False" />
          </lines>
        </class>
        <class name="NexusLabs.Needlr.DeferToContainerAttribute" filename="NexusLabs.Needlr/DeferToContainerAttribute.cs" line-rate="0" branch-rate="0" complexity="3">
          <methods>
            <method name="get_ConstructorParameterTypes" signature="()" line-rate="0" branch-rate="1" complexity="1">
              <lines>
                <line number="64" hits="0" branch="False" />
              </lines>
            </method>
            <method name=".ctor" signature="(System.Type[])" line-rate="0" branch-rate="0" complexity="2">
              <lines>
                <line number="51" hits="0" branch="False" />
                <line number="53" hits="0" branch="True" condition-coverage="0% (0/2)">
                  <conditions>
                    <condition number="9" type="jump" coverage="0%" />
                  </conditions>
                </line>
                <line number="54" hits="0" branch="False" />
              </lines>
            </method>
          </methods>
          <lines>
            <line number="64" hits="0" branch="False" />
            <line number="51" hits="0" branch="False" />
            <line number="53" hits="0" branch="True" condition-coverage="0% (0/2)">
              <conditions>
                <condition number="9" type="jump" coverage="0%" />
              </conditions>
            </line>
            <line number="54" hits="0" branch="False" />
          </lines>
        </class>
        <class name="NexusLabs.Needlr.DumpExtensions" filename="NexusLabs.Needlr/DumpExtensions.cs" line-rate="0" branch-rate="0" complexity="17">
          <methods>
            <method name="Dump" signature="(Microsoft.Extensions.DependencyInjection.IServiceCollection,NexusLabs.Needlr.DumpOptions)" line-rate="0" branch-rate="0" complexity="10">
              <lines>
                <line number="22" hits="0" branch="False" />
                <line number="24" hits="0" branch="True" condition-coverage="0% (0/2)">
                  <conditions>
                    <condition number="30" type="jump" coverage="0%" />
                  </conditions>
                </line>
                <line number="25" hits="0" branch="False" />
                <line number="27" hits="0" branch="False" />
                <line number="30" hits="0" branch="True" condition-coverage="0% (0/2)">
                  <conditions>
                    <condition number="76" type="jump" coverage="0%" />
                  </conditions>
                </line>
                <line number="32" hits="0" branch="False" />
                <line number="36" hits="0" branch="True" condition-coverage="0% (0/2)">
                  <conditions>
                    <condition number="108" type="jump" coverage="0%" />
                  </conditions>
                </line>
                <line number="38" hits="0" branch="False" />
                <line number="41" hits="0" branch="False" />
                <line number="43" hits="0" branch="False" />
                <line number="44" hits="0" branch="False" />
                <line number="46" hits="0" branch="True" condition-coverage="0% (0/2)">
                  <conditions>
                    <condition number="211" type="jump" coverage="0%" />
                  </conditions>
                </line>
                <line number="48" hits="0" branch="False" />
                <line number="49" hits="0" branch="False" />
                <line number="52" hits="0" branch="True" condition-coverage="0% (0/2)">
                  <conditions>
                    <condition number="243" type="jump" coverage="0%" />
                  </conditions>
                </line>
                <line number="54" hits="0" branch="False" />
                <line number="58" hits="0" branch="False" />
                <line number="61" hits="0" branch="False" />
              </lines>
            </method>
            <method name="Dump" signature="(System.IServiceProvider,NexusLabs.Needlr.DumpOptions)" line-rate="0" branch-rate="1" complexity="1">
              <lines>
                <line number="75" hits="0" branch="False" />
                <line number="77" hits="0" branch="False" />
                <line number="78" hits="0" branch="False" />
              </lines>
            </method>
            <method name="DumpGroupedByLifetime" signature="(System.Text.StringBuilder,System.Collections.Generic.List`1&lt;Microsoft.Extensions.DependencyInjection.ServiceDescriptor&gt;)" line-rate="0" branch-rate="0" complexity="4">
              <lines>
                <line number="83" hits="0" branch="False" />
                <line number="84" hits="0" branch="False" />
                <line number="85" hits="0" branch="False" />
                <line number="87" hits="0" branch="True" condition-coverage="0% (0/2)">
                  <conditions>
                    <condition number="269" type="jump" coverage="0%" />
                  </conditions>
                </line>
                <line number="89" hits="0" branch="False" />
                <line number="90" hits="0" branch="False" />
                <line number="92" hits="0" branch="True" condition-coverage="0% (0/2)">
                  <conditions>
                    <condition number="247" type="jump" coverage="0%" />
                  </conditions>
                </line>
                <line number="94" hits="0" branch="False" />
                <line number="95" hits="0" branch="False" />
                <line number="96" hits="0" branch="False" />
                <line number="99" hits="0" branch="False" />
              </lines>
            </method>
            <method name="DumpFlat" signature="(System.Text.StringBuilder,System.Collections.Generic.List`1&lt;Microsoft.Extensions.DependencyInjection.ServiceDescriptor&gt;)" line-rate="0" branch-rate="0" complexity="2">
              <lines>
                <line number="103" hits="0" branch="True" condition-coverage="0% (0/2)">
                  <conditions>
                    <condition number="87" type="jump" coverage="0%" />
                  </conditions>
                </line>
                <line number="105" hits="0" branch="False" />
                <line number="106" hits="0" branch="False" />
                <line number="107" hits="0" branch="False" />
                <line number="109" hits="0" branch="False" />
              </lines>
            </method>
          </methods>
          <lines>
            <line number="22" hits="0" branch="False" />
            <line number="24" hits="0" branch="True" condition-coverage="0% (0/2)">
              <conditions>
                <condition number="30" type="jump" coverage="0%" />
              </conditions>
            </line>
            <line number="25" hits="0" branch="False" />
            <line number="27" hits="0" branch="False" />
            <line number="30" hits="0" branch="True" condition-coverage="0% (0/2)">
              <conditions>
                <condition number="76" type="jump" coverage="0%" />
              </conditions>
            </line>
            <line number="32" hits="0" branch="False" />
            <line number="36" hits="0" branch="True" condition-coverage="0% (0/2)">
              <conditions>
                <condition number="108" type="jump" coverage="0%" />
              </conditions>
            </line>
            <line number="38" hits="0" branch="False" />
            <line number="41" hits="0" branch="False" />
            <line number="43" hits="0" branch="False" />
            <line number="44" hits="0" branch="False" />
            <line number="46" hits="0" branch="True" condition-coverage="0% (0/2)">
              <conditions>
                <condition number="211" type="jump" coverage="0%" />
              </conditions>
            </line>
            <line number="48" hits="0" branch="False" />
            <line number="49" hits="0" branch="False" />
            <line number="52" hits="0" branch="True" condition-coverage="0% (0/2)">
              <conditions>
                <condition number="243" type="jump" coverage="0%" />
              </conditions>
            </line>
            <line number="54" hits="0" branch="False" />
            <line number="58" hits="0" branch="False" />
            <line number="61" hits="0" branch="False" />
            <line number="75" hits="0" branch="False" />
            <line number="77" hits="0" branch="False" />
            <line number="78" hits="0" branch="False" />
            <line number="83" hits="0" branch="False" />
            <line number="84" hits="0" branch="False" />
            <line number="85" hits="0" branch="False" />
            <line number="87" hits="0" branch="True" condition-coverage="0% (0/2)">
              <conditions>
                <condition number="269" type="jump" coverage="0%" />
              </conditions>
            </line>
            <line number="89" hits="0" branch="False" />
            <line number="90" hits="0" branch="False" />
            <line number="92" hits="0" branch="True" condition-coverage="0% (0/2)">
              <conditions>
                <condition number="247" type="jump" coverage="0%" />
              </conditions>
            </line>
            <line number="94" hits="0" branch="False" />
            <line number="95" hits="0" branch="False" />
            <line number="96" hits="0" branch="False" />
            <line number="99" hits="0" branch="False" />
            <line number="103" hits="0" branch="True" condition-coverage="0% (0/2)">
              <conditions>
                <condition number="87" type="jump" coverage="0%" />
              </conditions>
            </line>
            <line number="105" hits="0" branch="False" />
            <line number="106" hits="0" branch="False" />
            <line number="107" hits="0" branch="False" />
            <line number="109" hits="0" branch="False" />
          </lines>
        </class>
        <class name="NexusLabs.Needlr.DumpOptions" filename="NexusLabs.Needlr/DumpOptions.cs" line-rate="0" branch-rate="1" complexity="4">
          <methods>
            <method name="get_LifetimeFilter" signature="()" line-rate="0" branch-rate="1" complexity="1">
              <lines>
                <line number="14" hits="0" branch="False" />
              </lines>
            </method>
            <method name="get_ServiceTypeFilter" signature="()" line-rate="0" branch-rate="1" complexity="1">
              <lines>
                <line number="20" hits="0" branch="False" />
              </lines>
            </method>
            <method name="get_GroupByLifetime" signature="()" line-rate="0" branch-rate="1" complexity="1">
              <lines>
                <line number="26" hits="0" branch="False" />
              </lines>
            </method>
            <method name="get_Default" signature="()" line-rate="0" branch-rate="1" complexity="1">
              <lines>
                <line number="31" hits="0" branch="False" />
              </lines>
            </method>
          </methods>
          <lines>
            <line number="14" hits="0" branch="False" />
            <line number="20" hits="0" branch="False" />
            <line number="26" hits="0" branch="False" />
            <line number="31" hits="0" branch="False" />
          </lines>
        </class>
        <class name="NexusLabs.Needlr.InterceptAttribute" filename="NexusLabs.Needlr/InterceptAttribute.cs" line-rate="0" branch-rate="0" complexity="4">
          <methods>
            <method name="get_InterceptorType" signature="()" line-rate="0" branch-rate="1" complexity="1">
              <lines>
                <line number="75" hits="0" branch="False" />
              </lines>
            </method>
            <method name="get_Order" signature="()" line-rate="0" branch-rate="1" complexity="1">
              <lines>
                <line number="92" hits="0" branch="False" />
              </lines>
            </method>
            <method name=".ctor" signature="(System.Type)" line-rate="0" branch-rate="0" complexity="2">
              <lines>
                <line number="67" hits="0" branch="False" />
                <line number="69" hits="0" branch="True" condition-coverage="0% (0/2)">
                  <conditions>
                    <condition number="9" type="jump" coverage="0%" />
                  </conditions>
                </line>
                <line number="70" hits="0" branch="False" />
              </lines>
            </method>
          </methods>
          <lines>
            <line number="75" hits="0" branch="False" />
            <line number="92" hits="0" branch="False" />
            <line number="67" hits="0" branch="False" />
            <line number="69" hits="0" branch="True" condition-coverage="0% (0/2)">
              <conditions>
                <condition number="9" type="jump" coverage="0%" />
              </conditions>
            </line>
            <line number="70" hits="0" branch="False" />
          </lines>
        </class>
        <class name="NexusLabs.Needlr.InterceptAttribute`1" filename="NexusLabs.Needlr/InterceptAttribute.cs" line-rate="0" branch-rate="1" complexity="2">
          <methods>
            <method name="get_InterceptorType" signature="()" line-rate="0" branch-rate="1" complexity="1">
              <lines>
                <line number="129" hits="0" branch="False" />
              </lines>
            </method>
            <method name="get_Order" signature="()" line-rate="0" branch-rate="1" complexity="1">
              <lines>
                <line number="136" hits="0" branch="False" />
              </lines>
            </method>
          </methods>
          <lines>
            <line number="129" hits="0" branch="False" />
            <line number="136" hits="0" branch="False" />
          </lines>
        </class>
        <class name="NexusLabs.Needlr.KeyedAttribute" filename="NexusLabs.Needlr/KeyedAttribute.cs" line-rate="0" branch-rate="0" complexity="3">
          <methods>
            <method name="get_Key" signature="()" line-rate="0" branch-rate="1" complexity="1">
              <lines>
                <line number="43" hits="0" branch="False" />
              </lines>
            </method>
            <method name=".ctor" signature="(System.String)" line-rate="0" branch-rate="0" complexity="2">
              <lines>
                <line number="35" hits="0" branch="False" />
                <line number="37" hits="0" branch="True" condition-coverage="0% (0/2)">
                  <conditions>
                    <condition number="9" type="jump" coverage="0%" />
                  </conditions>
                </line>
                <line number="38" hits="0" branch="False" />
              </lines>
            </method>
          </methods>
          <lines>
            <line number="43" hits="0" branch="False" />
            <line number="35" hits="0" branch="False" />
            <line number="37" hits="0" branch="True" condition-coverage="0% (0/2)">
              <conditions>
                <condition number="9" type="jump" coverage="0%" />
              </conditions>
            </line>
            <line number="38" hits="0" branch="False" />
          </lines>
        </class>
        <class name="NexusLabs.Needlr.LifetimeMismatch" filename="NexusLabs.Needlr/LifetimeMismatch.cs" line-rate="0" branch-rate="0" complexity="10">
          <methods>
            <method name="get_ConsumerServiceType" signature="()" line-rate="0" branch-rate="1" complexity="1">
              <lines>
                <line number="17" hits="0" branch="False" />
              </lines>
            </method>
            <method name="get_ConsumerImplementationType" signature="()" line-rate="0" branch-rate="1" complexity="1">
              <lines>
                <line number="18" hits="0" branch="False" />
              </lines>
            </method>
            <method name="get_ConsumerLifetime" signature="()" line-rate="0" branch-rate="1" complexity="1">
              <lines>
                <line number="19" hits="0" branch="False" />
              </lines>
            </method>
            <method name="get_DependencyServiceType" signature="()" line-rate="0" branch-rate="1" complexity="1">
              <lines>
                <line number="20" hits="0" branch="False" />
              </lines>
            </method>
            <method name="get_DependencyLifetime" signature="()" line-rate="0" branch-rate="1" complexity="1">
              <lines>
                <line number="21" hits="0" branch="False" />
              </lines>
            </method>
            <method name="ToDetailedString" signature="()" line-rate="0" branch-rate="0" complexity="4">
              <lines>
                <line number="29" hits="0" branch="False" />
                <line number="30" hits="0" branch="True" condition-coverage="0% (0/4)">
                  <conditions>
                    <condition number="12" type="jump" coverage="0%" />
                    <condition number="23" type="jump" coverage="0%" />
                  </conditions>
                </line>
                <line number="32" hits="0" branch="False" />
                <line number="33" hits="0" branch="False" />
                <line number="34" hits="0" branch="False" />
                <line number="35" hits="0" branch="False" />
                <line number="36" hits="0" branch="False" />
                <line number="37" hits="0" branch="False" />
                <line number="38" hits="0" branch="False" />
                <line number="39" hits="0" branch="False" />
                <line number="40" hits="0" branch="False" />
                <line number="42" hits="0" branch="False" />
              </lines>
            </method>
            <method name=".ctor" signature="(System.Type,System.Type,Microsoft.Extensions.DependencyInjection.ServiceLifetime,System.Type,Microsoft.Extensions.DependencyInjection.ServiceLifetime)" line-rate="0" branch-rate="1" complexity="1">
              <lines>
                <line number="16" hits="0" branch="False" />
              </lines>
            </method>
          </methods>
          <lines>
            <line number="17" hits="0" branch="False" />
            <line number="18" hits="0" branch="False" />
            <line number="19" hits="0" branch="False" />
            <line number="20" hits="0" branch="False" />
            <line number="21" hits="0" branch="False" />
            <line number="29" hits="0" branch="False" />
            <line number="30" hits="0" branch="True" condition-coverage="0% (0/4)">
              <conditions>
                <condition number="12" type="jump" coverage="0%" />
                <condition number="23" type="jump" coverage="0%" />
              </conditions>
            </line>
            <line number="32" hits="0" branch="False" />
            <line number="33" hits="0" branch="False" />
            <line number="34" hits="0" branch="False" />
            <line number="35" hits="0" branch="False" />
            <line number="36" hits="0" branch="False" />
            <line number="37" hits="0" branch="False" />
            <line number="38" hits="0" branch="False" />
            <line number="39" hits="0" branch="False" />
            <line number="40" hits="0" branch="False" />
            <line number="42" hits="0" branch="False" />
            <line number="16" hits="0" branch="False" />
          </lines>
        </class>
        <class name="NexusLabs.Needlr.LifetimeMismatchExtensions" filename="NexusLabs.Needlr/LifetimeMismatchExtensions.cs" line-rate="0" branch-rate="0" complexity="19">
          <methods>
            <method name="DetectLifetimeMismatches" signature="(Microsoft.Extensions.DependencyInjection.IServiceCollection)" line-rate="0" branch-rate="0" complexity="12">
              <lines>
                <line number="38" hits="0" branch="False" />
                <line number="40" hits="0" branch="False" />
                <line number="43" hits="0" branch="False" />
                <line number="45" hits="0" branch="True" condition-coverage="0% (0/2)">
                  <conditions>
                    <condition number="174" type="jump" coverage="0%" />
                  </conditions>
                </line>
                <line number="48" hits="0" branch="True" condition-coverage="0% (0/2)">
                  <conditions>
                    <condition number="49" type="jump" coverage="0%" />
                  </conditions>
                </line>
                <line number="53" hits="0" branch="False" />
                <line number="56" hits="0" branch="True" condition-coverage="0% (0/2)">
                  <conditions>
                    <condition number="62" type="jump" coverage="0%" />
                  </conditions>
                </line>
                <line number="65" hits="0" branch="False" />
                <line number="68" hits="0" branch="True" condition-coverage="0% (0/2)">
                  <conditions>
                    <condition number="152" type="jump" coverage="0%" />
                  </conditions>
                </line>
                <line number="70" hits="0" branch="True" condition-coverage="0% (0/2)">
                  <conditions>
                    <condition number="103" type="jump" coverage="0%" />
                  </conditions>
                </line>
                <line number="76" hits="0" branch="True" condition-coverage="0% (0/2)">
                  <conditions>
                    <condition number="114" type="jump" coverage="0%" />
                  </conditions>
                </line>
                <line number="78" hits="0" branch="False" />
                <line number="79" hits="0" branch="False" />
                <line number="80" hits="0" branch="False" />
                <line number="81" hits="0" branch="False" />
                <line number="82" hits="0" branch="False" />
                <line number="83" hits="0" branch="False" />
                <line number="88" hits="0" branch="False" />
              </lines>
            </method>
            <method name="BuildLifetimeLookup" signature="(Microsoft.Extensions.DependencyInjection.IServiceCollection)" line-rate="0" branch-rate="0" complexity="2">
              <lines>
                <line number="93" hits="0" branch="False" />
                <line number="95" hits="0" branch="True" condition-coverage="0% (0/2)">
                  <conditions>
                    <condition number="46" type="jump" coverage="0%" />
                  </conditions>
                </line>
                <line number="98" hits="0" branch="False" />
                <line number="101" hits="0" branch="False" />
              </lines>
            </method>
            <method name="IsLifetimeMismatch" signature="(Microsoft.Extensions.DependencyInjection.ServiceLifetime,Microsoft.Extensions.DependencyInjection.ServiceLifetime)" line-rate="0" branch-rate="1" complexity="1">
              <lines>
                <line number="143" hits="0" branch="False" />
                <line number="144" hits="0" branch="False" />
                <line number="147" hits="0" branch="False" />
              </lines>
            </method>
            <method name="&lt;IsLifetimeMismatch&gt;g__GetLifetimeRank|3_0" signature="(Microsoft.Extensions.DependencyInjection.ServiceLifetime)" line-rate="0" branch-rate="0" complexity="4">
              <lines>
                <line number="135" hits="0" branch="True" condition-coverage="0% (0/4)">
                  <conditions>
                    <condition number="1" type="switch" coverage="0%" />
                  </conditions>
                </line>
                <line number="136" hits="0" branch="False" />
                <line number="137" hits="0" branch="False" />
                <line number="138" hits="0" branch="False" />
                <line number="139" hits="0" branch="False" />
                <line number="140" hits="0" branch="False" />
                <line number="141" hits="0" branch="False" />
              </lines>
            </method>
          </methods>
          <lines>
            <line number="38" hits="0" branch="False" />
            <line number="40" hits="0" branch="False" />
            <line number="43" hits="0" branch="False" />
            <line number="45" hits="0" branch="True" condition-coverage="0% (0/2)">
              <conditions>
                <condition number="174" type="jump" coverage="0%" />
              </conditions>
            </line>
            <line number="48" hits="0" branch="True" condition-coverage="0% (0/2)">
              <conditions>
                <condition number="49" type="jump" coverage="0%" />
              </conditions>
            </line>
            <line number="53" hits="0" branch="False" />
            <line number="56" hits="0" branch="True" condition-coverage="0% (0/2)">
              <conditions>
                <condition number="62" type="jump" coverage="0%" />
              </conditions>
            </line>
            <line number="65" hits="0" branch="False" />
            <line number="68" hits="0" branch="True" condition-coverage="0% (0/2)">
              <conditions>
                <condition number="152" type="jump" coverage="0%" />
              </conditions>
            </line>
            <line number="70" hits="0" branch="True" condition-coverage="0% (0/2)">
              <conditions>
                <condition number="103" type="jump" coverage="0%" />
              </conditions>
            </line>
            <line number="76" hits="0" branch="True" condition-coverage="0% (0/2)">
              <conditions>
                <condition number="114" type="jump" coverage="0%" />
              </conditions>
            </line>
            <line number="78" hits="0" branch="False" />
            <line number="79" hits="0" branch="False" />
            <line number="80" hits="0" branch="False" />
            <line number="81" hits="0" branch="False" />
            <line number="82" hits="0" branch="False" />
            <line number="83" hits="0" branch="False" />
            <line number="88" hits="0" branch="False" />
            <line number="93" hits="0" branch="False" />
            <line number="95" hits="0" branch="True" condition-coverage="0% (0/2)">
              <conditions>
                <condition number="46" type="jump" coverage="0%" />
              </conditions>
            </line>
            <line number="98" hits="0" branch="False" />
            <line number="101" hits="0" branch="False" />
            <line number="143" hits="0" branch="False" />
            <line number="144" hits="0" branch="False" />
            <line number="147" hits="0" branch="False" />
            <line number="135" hits="0" branch="True" condition-coverage="0% (0/4)">
              <conditions>
                <condition number="1" type="switch" coverage="0%" />
              </conditions>
            </line>
            <line number="136" hits="0" branch="False" />
            <line number="137" hits="0" branch="False" />
            <line number="138" hits="0" branch="False" />
            <line number="139" hits="0" branch="False" />
            <line number="140" hits="0" branch="False" />
            <line number="141" hits="0" branch="False" />
          </lines>
        </class>
        <class name="NexusLabs.Needlr.LifetimeMismatchExtensions/&lt;&gt;c" filename="NexusLabs.Needlr/LifetimeMismatchExtensions.cs" line-rate="0" branch-rate="1" complexity="1">
          <methods>
            <method name="&lt;GetConstructorDependencies&gt;b__2_0" signature="(System.Reflection.ConstructorInfo)" line-rate="0" branch-rate="1" complexity="1">
              <lines>
                <line number="117" hits="0" branch="False" />
              </lines>
            </method>
          </methods>
          <lines>
            <line number="117" hits="0" branch="False" />
          </lines>
        </class>
        <class name="NexusLabs.Needlr.LifetimeMismatchExtensions/&lt;GetConstructorDependencies&gt;d__2" filename="NexusLabs.Needlr/LifetimeMismatchExtensions.cs" line-rate="0" branch-rate="0" complexity="4">
          <methods>
            <method name="MoveNext" signature="()" line-rate="0" branch-rate="0" complexity="4">
              <lines>
                <line number="108" hits="0" branch="False" />
                <line number="110" hits="0" branch="True" condition-coverage="0% (0/2)">
                  <conditions>
                    <condition number="42" type="jump" coverage="0%" />
                  </conditions>
                </line>
                <line number="112" hits="0" branch="False" />
                <line number="116" hits="0" branch="False" />
                <line number="118" hits="0" branch="False" />
                <line number="120" hits="0" branch="True" condition-coverage="0% (0/2)">
                  <conditions>
                    <condition number="180" type="jump" coverage="0%" />
                  </conditions>
                </line>
                <line number="122" hits="0" branch="False" />
                <line number="124" hits="0" branch="False" />
              </lines>
            </method>
          </methods>
          <lines>
            <line number="108" hits="0" branch="False" />
            <line number="110" hits="0" branch="True" condition-coverage="0% (0/2)">
              <conditions>
                <condition number="42" type="jump" coverage="0%" />
              </conditions>
            </line>
            <line number="112" hits="0" branch="False" />
            <line number="116" hits="0" branch="False" />
            <line number="118" hits="0" branch="False" />
            <line number="120" hits="0" branch="True" condition-coverage="0% (0/2)">
              <conditions>
                <condition number="180" type="jump" coverage="0%" />
              </conditions>
            </line>
            <line number="122" hits="0" branch="False" />
            <line number="124" hits="0" branch="False" />
          </lines>
        </class>
        <class name="NexusLabs.Needlr.MethodInvocation" filename="NexusLabs.Needlr/MethodInvocation.cs" line-rate="0" branch-rate="0" complexity="17">
          <methods>
            <method name="get_Target" signature="()" line-rate="0" branch-rate="1" complexity="1">
              <lines>
                <line number="58" hits="0" branch="False" />
              </lines>
            </method>
            <method name="get_Method" signature="()" line-rate="0" branch-rate="1" complexity="1">
              <lines>
                <line number="61" hits="0" branch="False" />
              </lines>
            </method>
            <method name="get_Arguments" signature="()" line-rate="0" branch-rate="1" complexity="1">
              <lines>
                <line number="64" hits="0" branch="False" />
              </lines>
            </method>
            <method name="get_GenericArguments" signature="()" line-rate="0" branch-rate="1" complexity="1">
              <lines>
                <line number="67" hits="0" branch="False" />
              </lines>
            </method>
            <method name="ProceedAsync" signature="()" line-rate="0" branch-rate="0" complexity="2">
              <lines>
                <line number="72" hits="0" branch="True" condition-coverage="0% (0/2)">
                  <conditions>
                    <condition number="6" type="jump" coverage="0%" />
                  </conditions>
                </line>
                <line number="74" hits="0" branch="False" />
                <line number="75" hits="0" branch="False" />
                <line number="76" hits="0" branch="False" />
                <line number="78" hits="0" branch="False" />
                <line number="79" hits="0" branch="False" />
              </lines>
            </method>
            <method name=".ctor" signature="(System.Object,System.Reflection.MethodInfo,System.Object[],System.Type[],System.Func`1&lt;System.Threading.Tasks.ValueTask`1&lt;System.Object&gt;&gt;)" line-rate="0" branch-rate="0" complexity="10">
              <lines>
                <line number="24" hits="0" branch="False" />
                <line number="25" hits="0" branch="False" />
                <line number="26" hits="0" branch="False" />
                <line number="27" hits="0" branch="False" />
                <line number="28" hits="0" branch="False" />
                <line number="29" hits="0" branch="False" />
                <line number="31" hits="0" branch="True" condition-coverage="0% (0/2)">
                  <conditions>
                    <condition number="9" type="jump" coverage="0%" />
                  </conditions>
                </line>
                <line number="32" hits="0" branch="True" condition-coverage="0% (0/2)">
                  <conditions>
                    <condition number="31" type="jump" coverage="0%" />
                  </conditions>
                </line>
                <line number="33" hits="0" branch="True" condition-coverage="0% (0/2)">
                  <conditions>
                    <condition number="53" type="jump" coverage="0%" />
                  </conditions>
                </line>
                <line number="34" hits="0" branch="True" condition-coverage="0% (0/2)">
                  <conditions>
                    <condition number="76" type="jump" coverage="0%" />
                  </conditions>
                </line>
                <line number="35" hits="0" branch="True" condition-coverage="0% (0/2)">
                  <conditions>
                    <condition number="99" type="jump" coverage="0%" />
                  </conditions>
                </line>
                <line number="36" hits="0" branch="False" />
              </lines>
            </method>
            <method name=".ctor" signature="(System.Object,System.Reflection.MethodInfo,System.Object[],System.Func`1&lt;System.Threading.Tasks.ValueTask`1&lt;System.Object&gt;&gt;)" line-rate="0" branch-rate="1" complexity="1">
              <lines>
                <line number="53" hits="0" branch="False" />
                <line number="55" hits="0" branch="False" />
              </lines>
            </method>
          </methods>
          <lines>
            <line number="58" hits="0" branch="False" />
            <line number="61" hits="0" branch="False" />
            <line number="64" hits="0" branch="False" />
            <line number="67" hits="0" branch="False" />
            <line number="72" hits="0" branch="True" condition-coverage="0% (0/2)">
              <conditions>
                <condition number="6" type="jump" coverage="0%" />
              </conditions>
            </line>
            <line number="74" hits="0" branch="False" />
            <line number="75" hits="0" branch="False" />
            <line number="76" hits="0" branch="False" />
            <line number="78" hits="0" branch="False" />
            <line number="79" hits="0" branch="False" />
            <line number="24" hits="0" branch="False" />
            <line number="25" hits="0" branch="False" />
            <line number="26" hits="0" branch="False" />
            <line number="27" hits="0" branch="False" />
            <line number="28" hits="0" branch="False" />
            <line number="29" hits="0" branch="False" />
            <line number="31" hits="0" branch="True" condition-coverage="0% (0/2)">
              <conditions>
                <condition number="9" type="jump" coverage="0%" />
              </conditions>
            </line>
            <line number="32" hits="0" branch="True" condition-coverage="0% (0/2)">
              <conditions>
                <condition number="31" type="jump" coverage="0%" />
              </conditions>
            </line>
            <line number="33" hits="0" branch="True" condition-coverage="0% (0/2)">
              <conditions>
                <condition number="53" type="jump" coverage="0%" />
              </conditions>
            </line>
            <line number="34" hits="0" branch="True" condition-coverage="0% (0/2)">
              <conditions>
                <condition number="76" type="jump" coverage="0%" />
              </conditions>
            </line>
            <line number="35" hits="0" branch="True" condition-coverage="0% (0/2)">
              <conditions>
                <condition number="99" type="jump" coverage="0%" />
              </conditions>
            </line>
            <line number="36" hits="0" branch="False" />
            <line number="53" hits="0" branch="False" />
            <line number="55" hits="0" branch="False" />
          </lines>
        </class>
        <class name="NexusLabs.Needlr.PluginOrderAttribute" filename="NexusLabs.Needlr/PluginOrderAttribute.cs" line-rate="0" branch-rate="1" complexity="2">
          <methods>
            <method name="get_Order" signature="()" line-rate="0" branch-rate="1" complexity="1">
              <lines>
                <line number="39" hits="0" branch="False" />
              </lines>
            </method>
            <method name=".ctor" signature="(System.Int32)" line-rate="0" branch-rate="1" complexity="1">
              <lines>
                <line number="48" hits="0" branch="False" />
              </lines>
            </method>
          </methods>
          <lines>
            <line number="39" hits="0" branch="False" />
            <line number="48" hits="0" branch="False" />
          </lines>
        </class>
        <class name="NexusLabs.Needlr.PostBuildServiceCollectionPluginOptions" filename="NexusLabs.Needlr/PostBuildServiceCollectionPluginOptions.cs" line-rate="0" branch-rate="1" complexity="5">
          <methods>
            <method name="get_Provider" signature="()" line-rate="0" branch-rate="1" complexity="1">
              <lines>
                <line number="16" hits="0" branch="False" />
              </lines>
            </method>
            <method name="get_Config" signature="()" line-rate="0" branch-rate="1" complexity="1">
              <lines>
                <line number="17" hits="0" branch="False" />
              </lines>
            </method>
            <method name="get_Assemblies" signature="()" line-rate="0" branch-rate="1" complexity="1">
              <lines>
                <line number="18" hits="0" branch="False" />
              </lines>
            </method>
            <method name="get_PluginFactory" signature="()" line-rate="0" branch-rate="1" complexity="1">
              <lines>
                <line number="19" hits="0" branch="False" />
              </lines>
            </method>
            <method name=".ctor" signature="(System.IServiceProvider,Microsoft.Extensions.Configuration.IConfiguration,System.Collections.Generic.IReadOnlyList`1&lt;System.Reflection.Assembly&gt;,NexusLabs.Needlr.IPluginFactory)" line-rate="0" branch-rate="1" complexity="1">
              <lines>
                <line number="15" hits="0" branch="False" />
              </lines>
            </method>
          </methods>
          <lines>
            <line number="16" hits="0" branch="False" />
            <line number="17" hits="0" branch="False" />
            <line number="18" hits="0" branch="False" />
            <line number="19" hits="0" branch="False" />
            <line number="15" hits="0" branch="False" />
          </lines>
        </class>
        <class name="NexusLabs.Needlr.RegisterAsAttribute`1" filename="NexusLabs.Needlr/RegisterAsAttribute.cs" line-rate="0" branch-rate="1" complexity="1">
          <methods>
            <method name="get_InterfaceType" signature="()" line-rate="0" branch-rate="1" complexity="1">
              <lines>
                <line number="56" hits="0" branch="False" />
              </lines>
            </method>
          </methods>
          <lines>
            <line number="56" hits="0" branch="False" />
          </lines>
        </class>
        <class name="NexusLabs.Needlr.ServiceCollectionExtensions" filename="NexusLabs.Needlr/ServiceCollectionExtensions.cs" line-rate="0" branch-rate="0" complexity="34">
          <methods>
            <method name="AddDecorator" signature="(Microsoft.Extensions.DependencyInjection.IServiceCollection)" line-rate="0" branch-rate="0" complexity="8">
              <lines>
                <line number="35" hits="0" branch="False" />
                <line number="38" hits="0" branch="True" condition-coverage="0% (0/2)">
                  <conditions>
                    <condition number="18" type="jump" coverage="0%" />
                  </conditions>
                </line>
                <line number="39" hits="0" branch="False" />
                <line number="40" hits="0" branch="False" />
                <line number="42" hits="0" branch="True" condition-coverage="0% (0/2)">
                  <conditions>
                    <condition number="60" type="jump" coverage="0%" />
                  </conditions>
                </line>
                <line number="44" hits="0" branch="False" />
                <line number="45" hits="0" branch="False" />
                <line number="46" hits="0" branch="False" />
                <line number="50" hits="0" branch="True" condition-coverage="0% (0/2)">
                  <conditions>
                    <condition number="130" type="jump" coverage="0%" />
                  </conditions>
                </line>
                <line number="52" hits="0" branch="False" />
                <line number="56" hits="0" branch="True" condition-coverage="0% (0/2)">
                  <conditions>
                    <condition number="184" type="jump" coverage="0%" />
                  </conditions>
                </line>
                <line number="58" hits="0" branch="False" />
                <line number="59" hits="0" branch="False" />
                <line number="62" hits="0" branch="False" />
              </lines>
            </method>
            <method name="CreateDecoratedDescriptor" signature="(Microsoft.Extensions.DependencyInjection.ServiceDescriptor)" line-rate="0" branch-rate="0" complexity="4">
              <lines>
                <line number="69" hits="0" branch="True" condition-coverage="0% (0/4)">
                  <conditions>
                    <condition number="26" type="switch" coverage="0%" />
                  </conditions>
                </line>
                <line number="70" hits="0" branch="False" />
                <line number="71" hits="0" branch="False" />
                <line number="72" hits="0" branch="False" />
                <line number="73" hits="0" branch="False" />
                <line number="74" hits="0" branch="False" />
                <line number="75" hits="0" branch="False" />
                <line number="76" hits="0" branch="False" />
                <line number="77" hits="0" branch="False" />
                <line number="78" hits="0" branch="False" />
                <line number="79" hits="0" branch="False" />
                <line number="80" hits="0" branch="False" />
                <line number="81" hits="0" branch="False" />
                <line number="82" hits="0" branch="False" />
                <line number="83" hits="0" branch="False" />
                <line number="84" hits="0" branch="False" />
                <line number="85" hits="0" branch="False" />
                <line number="86" hits="0" branch="False" />
                <line number="87" hits="0" branch="False" />
                <line number="88" hits="0" branch="False" />
                <line number="89" hits="0" branch="False" />
              </lines>
            </method>
            <method name="AddDecorator" signature="(Microsoft.Extensions.DependencyInjection.IServiceCollection,System.Type,System.Type)" line-rate="0" branch-rate="0" complexity="6">
              <lines>
                <line number="117" hits="0" branch="False" />
                <line number="118" hits="0" branch="False" />
                <line number="119" hits="0" branch="False" />
                <line number="122" hits="0" branch="False" />
                <line number="123" hits="0" branch="False" />
                <line number="124" hits="0" branch="False" />
                <line number="126" hits="0" branch="True" condition-coverage="0% (0/2)">
                  <conditions>
                    <condition number="93" type="jump" coverage="0%" />
                  </conditions>
                </line>
                <line number="128" hits="0" branch="False" />
                <line number="129" hits="0" branch="False" />
                <line number="130" hits="0" branch="False" />
                <line number="134" hits="0" branch="True" condition-coverage="0% (0/2)">
                  <conditions>
                    <condition number="159" type="jump" coverage="0%" />
                  </conditions>
                </line>
                <line number="136" hits="0" branch="False" />
                <line number="140" hits="0" branch="True" condition-coverage="0% (0/2)">
                  <conditions>
                    <condition number="274" type="jump" coverage="0%" />
                  </conditions>
                </line>
                <line number="142" hits="0" branch="False" />
                <line number="143" hits="0" branch="False" />
                <line number="144" hits="0" branch="False" />
                <line number="145" hits="0" branch="False" />
                <line number="146" hits="0" branch="False" />
                <line number="147" hits="0" branch="False" />
                <line number="148" hits="0" branch="False" />
                <line number="149" hits="0" branch="False" />
                <line number="150" hits="0" branch="False" />
                <line number="153" hits="0" branch="False" />
              </lines>
            </method>
            <method name="GetServiceRegistrations" signature="(Microsoft.Extensions.DependencyInjection.IServiceCollection)" line-rate="0" branch-rate="1" complexity="1">
              <lines>
                <line number="176" hits="0" branch="False" />
                <line number="178" hits="0" branch="False" />
              </lines>
            </method>
            <method name="GetServiceRegistrations" signature="(Microsoft.Extensions.DependencyInjection.IServiceCollection,System.Func`2&lt;Microsoft.Extensions.DependencyInjection.ServiceDescriptor,System.Boolean&gt;)" line-rate="0" branch-rate="1" complexity="1">
              <lines>
                <line number="203" hits="0" branch="False" />
                <line number="204" hits="0" branch="False" />
                <line number="206" hits="0" branch="False" />
                <line number="207" hits="0" branch="False" />
                <line number="208" hits="0" branch="False" />
                <line number="209" hits="0" branch="False" />
              </lines>
            </method>
            <method name="IsRegistered" signature="(Microsoft.Extensions.DependencyInjection.IServiceCollection)" line-rate="0" branch-rate="1" complexity="1">
              <lines>
                <line number="220" hits="0" branch="False" />
                <line number="221" hits="0" branch="False" />
              </lines>
            </method>
            <method name="IsRegistered" signature="(Microsoft.Extensions.DependencyInjection.IServiceCollection,System.Type)" line-rate="0" branch-rate="1" complexity="1">
              <lines>
                <line number="234" hits="0" branch="False" />
                <line number="235" hits="0" branch="False" />
              </lines>
            </method>
            <method name="CreateOriginalService" signature="(System.IServiceProvider,Microsoft.Extensions.DependencyInjection.ServiceDescriptor)" line-rate="0" branch-rate="0" complexity="6">
              <lines>
                <line number="240" hits="0" branch="True" condition-coverage="0% (0/2)">
                  <conditions>
                    <condition number="6" type="jump" coverage="0%" />
                  </conditions>
                </line>
                <line number="242" hits="0" branch="False" />
                <line number="245" hits="0" branch="True" condition-coverage="0% (0/2)">
                  <conditions>
                    <condition number="32" type="jump" coverage="0%" />
                  </conditions>
                </line>
                <line number="247" hits="0" branch="False" />
                <line number="250" hits="0" branch="True" condition-coverage="0% (0/2)">
                  <conditions>
                    <condition number="52" type="jump" coverage="0%" />
                  </conditions>
                </line>
                <line number="252" hits="0" branch="False" />
                <line number="255" hits="0" branch="False" />
              </lines>
            </method>
            <method name="CreateOriginalService" signature="(System.IServiceProvider,Microsoft.Extensions.DependencyInjection.ServiceDescriptor,System.Type)" line-rate="0" branch-rate="0" complexity="6">
              <lines>
                <line number="260" hits="0" branch="True" condition-coverage="0% (0/2)">
                  <conditions>
                    <condition number="6" type="jump" coverage="0%" />
                  </conditions>
                </line>
                <line number="262" hits="0" branch="False" />
                <line number="265" hits="0" branch="True" condition-coverage="0% (0/2)">
                  <conditions>
                    <condition number="27" type="jump" coverage="0%" />
                  </conditions>
                </line>
                <line number="267" hits="0" branch="False" />
                <line number="270" hits="0" branch="True" condition-coverage="0% (0/2)">
                  <conditions>
                    <condition number="42" type="jump" coverage="0%" />
                  </conditions>
                </line>
                <line number="272" hits="0" branch="False" />
                <line number="275" hits="0" branch="False" />
              </lines>
            </method>
          </methods>
          <lines>
            <line number="35" hits="0" branch="False" />
            <line number="38" hits="0" branch="True" condition-coverage="0% (0/2)">
              <conditions>
                <condition number="18" type="jump" coverage="0%" />
              </conditions>
            </line>
            <line number="39" hits="0" branch="False" />
            <line number="40" hits="0" branch="False" />
            <line number="42" hits="0" branch="True" condition-coverage="0% (0/2)">
              <conditions>
                <condition number="60" type="jump" coverage="0%" />
              </conditions>
            </line>
            <line number="44" hits="0" branch="False" />
            <line number="45" hits="0" branch="False" />
            <line number="46" hits="0" branch="False" />
            <line number="50" hits="0" branch="True" condition-coverage="0% (0/2)">
              <conditions>
                <condition number="130" type="jump" coverage="0%" />
              </conditions>
            </line>
            <line number="52" hits="0" branch="False" />
            <line number="56" hits="0" branch="True" condition-coverage="0% (0/2)">
              <conditions>
                <condition number="184" type="jump" coverage="0%" />
              </conditions>
            </line>
            <line number="58" hits="0" branch="False" />
            <line number="59" hits="0" branch="False" />
            <line number="62" hits="0" branch="False" />
            <line number="69" hits="0" branch="True" condition-coverage="0% (0/4)">
              <conditions>
                <condition number="26" type="switch" coverage="0%" />
              </conditions>
            </line>
            <line number="70" hits="0" branch="False" />
            <line number="71" hits="0" branch="False" />
            <line number="72" hits="0" branch="False" />
            <line number="73" hits="0" branch="False" />
            <line number="74" hits="0" branch="False" />
            <line number="75" hits="0" branch="False" />
            <line number="76" hits="0" branch="False" />
            <line number="77" hits="0" branch="False" />
            <line number="78" hits="0" branch="False" />
            <line number="79" hits="0" branch="False" />
            <line number="80" hits="0" branch="False" />
            <line number="81" hits="0" branch="False" />
            <line number="82" hits="0" branch="False" />
            <line number="83" hits="0" branch="False" />
            <line number="84" hits="0" branch="False" />
            <line number="85" hits="0" branch="False" />
            <line number="86" hits="0" branch="False" />
            <line number="87" hits="0" branch="False" />
            <line number="88" hits="0" branch="False" />
            <line number="89" hits="0" branch="False" />
            <line number="117" hits="0" branch="False" />
            <line number="118" hits="0" branch="False" />
            <line number="119" hits="0" branch="False" />
            <line number="122" hits="0" branch="False" />
            <line number="123" hits="0" branch="False" />
            <line number="124" hits="0" branch="False" />
            <line number="126" hits="0" branch="True" condition-coverage="0% (0/2)">
              <conditions>
                <condition number="93" type="jump" coverage="0%" />
              </conditions>
            </line>
            <line number="128" hits="0" branch="False" />
            <line number="129" hits="0" branch="False" />
            <line number="130" hits="0" branch="False" />
            <line number="134" hits="0" branch="True" condition-coverage="0% (0/2)">
              <conditions>
                <condition number="159" type="jump" coverage="0%" />
              </conditions>
            </line>
            <line number="136" hits="0" branch="False" />
            <line number="140" hits="0" branch="True" condition-coverage="0% (0/2)">
              <conditions>
                <condition number="274" type="jump" coverage="0%" />
              </conditions>
            </line>
            <line number="142" hits="0" branch="False" />
            <line number="143" hits="0" branch="False" />
            <line number="144" hits="0" branch="False" />
            <line number="145" hits="0" branch="False" />
            <line number="146" hits="0" branch="False" />
            <line number="147" hits="0" branch="False" />
            <line number="148" hits="0" branch="False" />
            <line number="149" hits="0" branch="False" />
            <line number="150" hits="0" branch="False" />
            <line number="153" hits="0" branch="False" />
            <line number="176" hits="0" branch="False" />
            <line number="178" hits="0" branch="False" />
            <line number="203" hits="0" branch="False" />
            <line number="204" hits="0" branch="False" />
            <line number="206" hits="0" branch="False" />
            <line number="207" hits="0" branch="False" />
            <line number="208" hits="0" branch="False" />
            <line number="209" hits="0" branch="False" />
            <line number="220" hits="0" branch="False" />
            <line number="221" hits="0" branch="False" />
            <line number="234" hits="0" branch="False" />
            <line number="235" hits="0" branch="False" />
            <line number="240" hits="0" branch="True" condition-coverage="0% (0/2)">
              <conditions>
                <condition number="6" type="jump" coverage="0%" />
              </conditions>
            </line>
            <line number="242" hits="0" branch="False" />
            <line number="245" hits="0" branch="True" condition-coverage="0% (0/2)">
              <conditions>
                <condition number="32" type="jump" coverage="0%" />
              </conditions>
            </line>
            <line number="247" hits="0" branch="False" />
            <line number="250" hits="0" branch="True" condition-coverage="0% (0/2)">
              <conditions>
                <condition number="52" type="jump" coverage="0%" />
              </conditions>
            </line>
            <line number="252" hits="0" branch="False" />
            <line number="255" hits="0" branch="False" />
            <line number="260" hits="0" branch="True" condition-coverage="0% (0/2)">
              <conditions>
                <condition number="6" type="jump" coverage="0%" />
              </conditions>
            </line>
            <line number="262" hits="0" branch="False" />
            <line number="265" hits="0" branch="True" condition-coverage="0% (0/2)">
              <conditions>
                <condition number="27" type="jump" coverage="0%" />
              </conditions>
            </line>
            <line number="267" hits="0" branch="False" />
            <line number="270" hits="0" branch="True" condition-coverage="0% (0/2)">
              <conditions>
                <condition number="42" type="jump" coverage="0%" />
              </conditions>
            </line>
            <line number="272" hits="0" branch="False" />
            <line number="275" hits="0" branch="False" />
          </lines>
        </class>
        <class name="NexusLabs.Needlr.ServiceCollectionPluginOptions" filename="NexusLabs.Needlr/ServiceCollectionPluginOptions.cs" line-rate="0" branch-rate="1" complexity="5">
          <methods>
            <method name="get_Services" signature="()" line-rate="0" branch-rate="1" complexity="1">
              <lines>
                <line number="17" hits="0" branch="False" />
              </lines>
            </method>
            <method name="get_Config" signature="()" line-rate="0" branch-rate="1" complexity="1">
              <lines>
                <line number="18" hits="0" branch="False" />
              </lines>
            </method>
            <method name="get_Assemblies" signature="()" line-rate="0" branch-rate="1" complexity="1">
              <lines>
                <line number="19" hits="0" branch="False" />
              </lines>
            </method>
            <method name="get_PluginFactory" signature="()" line-rate="0" branch-rate="1" complexity="1">
              <lines>
                <line number="20" hits="0" branch="False" />
              </lines>
            </method>
            <method name=".ctor" signature="(Microsoft.Extensions.DependencyInjection.IServiceCollection,Microsoft.Extensions.Configuration.IConfiguration,System.Collections.Generic.IReadOnlyList`1&lt;System.Reflection.Assembly&gt;,NexusLabs.Needlr.IPluginFactory)" line-rate="0" branch-rate="1" complexity="1">
              <lines>
                <line number="16" hits="0" branch="False" />
              </lines>
            </method>
          </methods>
          <lines>
            <line number="17" hits="0" branch="False" />
            <line number="18" hits="0" branch="False" />
            <line number="19" hits="0" branch="False" />
            <line number="20" hits="0" branch="False" />
            <line number="16" hits="0" branch="False" />
          </lines>
        </class>
        <class name="NexusLabs.Needlr.ServiceCollectionVerificationExtensions" filename="NexusLabs.Needlr/ServiceCollectionVerificationExtensions.cs" line-rate="0" branch-rate="0" complexity="24">
          <methods>
            <method name="Verify" signature="(Microsoft.Extensions.DependencyInjection.IServiceCollection,NexusLabs.Needlr.VerificationOptions)" line-rate="0" branch-rate="0" complexity="6">
              <lines>
                <line number="23" hits="0" branch="False" />
                <line number="24" hits="0" branch="True" condition-coverage="0% (0/2)">
                  <conditions>
                    <condition number="12" type="jump" coverage="0%" />
                  </conditions>
                </line>
                <line number="26" hits="0" branch="False" />
                <line number="29" hits="0" branch="True" condition-coverage="0% (0/2)">
                  <conditions>
                    <condition number="33" type="jump" coverage="0%" />
                  </conditions>
                </line>
                <line number="31" hits="0" branch="False" />
                <line number="32" hits="0" branch="True" condition-coverage="0% (0/2)">
                  <conditions>
                    <condition number="268" type="jump" coverage="0%" />
                  </conditions>
                </line>
                <line number="34" hits="0" branch="False" />
                <line number="35" hits="0" branch="False" />
                <line number="36" hits="0" branch="False" />
                <line number="37" hits="0" branch="False" />
                <line number="38" hits="0" branch="False" />
                <line number="39" hits="0" branch="False" />
                <line number="40" hits="0" branch="False" />
                <line number="41" hits="0" branch="False" />
                <line number="46" hits="0" branch="False" />
                <line number="48" hits="0" branch="False" />
              </lines>
            </method>
            <method name="VerifyWithDiagnostics" signature="(Microsoft.Extensions.DependencyInjection.IServiceCollection,NexusLabs.Needlr.VerificationOptions)" line-rate="0" branch-rate="0" complexity="6">
              <lines>
                <line number="61" hits="0" branch="False" />
                <line number="62" hits="0" branch="True" condition-coverage="0% (0/2)">
                  <conditions>
                    <condition number="12" type="jump" coverage="0%" />
                  </conditions>
                </line>
                <line number="64" hits="0" branch="False" />
                <line number="67" hits="0" branch="True" condition-coverage="0% (0/2)">
                  <conditions>
                    <condition number="33" type="jump" coverage="0%" />
                  </conditions>
                </line>
                <line number="69" hits="0" branch="False" />
                <line number="70" hits="0" branch="True" condition-coverage="0% (0/2)">
                  <conditions>
                    <condition number="268" type="jump" coverage="0%" />
                  </conditions>
                </line>
                <line number="72" hits="0" branch="False" />
                <line number="73" hits="0" branch="False" />
                <line number="74" hits="0" branch="False" />
                <line number="75" hits="0" branch="False" />
                <line number="76" hits="0" branch="False" />
                <line number="77" hits="0" branch="False" />
                <line number="78" hits="0" branch="False" />
                <line number="79" hits="0" branch="False" />
                <line number="83" hits="0" branch="False" />
              </lines>
            </method>
            <method name="ProcessVerificationIssues" signature="(System.Collections.Generic.List`1&lt;NexusLabs.Needlr.VerificationIssue&gt;,NexusLabs.Needlr.VerificationOptions)" line-rate="0" branch-rate="0" complexity="12">
              <lines>
                <line number="88" hits="0" branch="False" />
                <line number="90" hits="0" branch="True" condition-coverage="0% (0/2)">
                  <conditions>
                    <condition number="223" type="jump" coverage="0%" />
                  </conditions>
                </line>
                <line number="92" hits="0" branch="True" condition-coverage="0% (0/4)">
                  <conditions>
                    <condition number="64" type="jump" coverage="0%" />
                    <condition number="68" type="jump" coverage="0%" />
                  </conditions>
                </line>
                <line number="95" hits="0" branch="True" condition-coverage="0% (0/2)">
                  <conditions>
                    <condition number="178" type="jump" coverage="0%" />
                  </conditions>
                </line>
                <line number="97" hits="0" branch="True" condition-coverage="0% (0/2)">
                  <conditions>
                    <condition number="100" type="jump" coverage="0%" />
                  </conditions>
                </line>
                <line number="99" hits="0" branch="False" />
                <line number="103" hits="0" branch="False" />
                <line number="104" hits="0" branch="False" />
                <line number="105" hits="0" branch="False" />
                <line number="111" hits="0" branch="False" />
                <line number="112" hits="0" branch="True" condition-coverage="0% (0/2)">
                  <conditions>
                    <condition number="208" type="jump" coverage="0%" />
                  </conditions>
                </line>
                <line number="114" hits="0" branch="False" />
                <line number="119" hits="0" branch="False" />
              </lines>
            </method>
          </methods>
          <lines>
            <line number="23" hits="0" branch="False" />
            <line number="24" hits="0" branch="True" condition-coverage="0% (0/2)">
              <conditions>
                <condition number="12" type="jump" coverage="0%" />
              </conditions>
            </line>
            <line number="26" hits="0" branch="False" />
            <line number="29" hits="0" branch="True" condition-coverage="0% (0/2)">
              <conditions>
                <condition number="33" type="jump" coverage="0%" />
              </conditions>
            </line>
            <line number="31" hits="0" branch="False" />
            <line number="32" hits="0" branch="True" condition-coverage="0% (0/2)">
              <conditions>
                <condition number="268" type="jump" coverage="0%" />
              </conditions>
            </line>
            <line number="34" hits="0" branch="False" />
            <line number="35" hits="0" branch="False" />
            <line number="36" hits="0" branch="False" />
            <line number="37" hits="0" branch="False" />
            <line number="38" hits="0" branch="False" />
            <line number="39" hits="0" branch="False" />
            <line number="40" hits="0" branch="False" />
            <line number="41" hits="0" branch="False" />
            <line number="46" hits="0" branch="False" />
            <line number="48" hits="0" branch="False" />
            <line number="61" hits="0" branch="False" />
            <line number="62" hits="0" branch="True" condition-coverage="0% (0/2)">
              <conditions>
                <condition number="12" type="jump" coverage="0%" />
              </conditions>
            </line>
            <line number="64" hits="0" branch="False" />
            <line number="67" hits="0" branch="True" condition-coverage="0% (0/2)">
              <conditions>
                <condition number="33" type="jump" coverage="0%" />
              </conditions>
            </line>
            <line number="69" hits="0" branch="False" />
            <line number="70" hits="0" branch="True" condition-coverage="0% (0/2)">
              <conditions>
                <condition number="268" type="jump" coverage="0%" />
              </conditions>
            </line>
            <line number="72" hits="0" branch="False" />
            <line number="73" hits="0" branch="False" />
            <line number="74" hits="0" branch="False" />
            <line number="75" hits="0" branch="False" />
            <line number="76" hits="0" branch="False" />
            <line number="77" hits="0" branch="False" />
            <line number="78" hits="0" branch="False" />
            <line number="79" hits="0" branch="False" />
            <line number="83" hits="0" branch="False" />
            <line number="88" hits="0" branch="False" />
            <line number="90" hits="0" branch="True" condition-coverage="0% (0/2)">
              <conditions>
                <condition number="223" type="jump" coverage="0%" />
              </conditions>
            </line>
            <line number="92" hits="0" branch="True" condition-coverage="0% (0/4)">
              <conditions>
                <condition number="64" type="jump" coverage="0%" />
                <condition number="68" type="jump" coverage="0%" />
              </conditions>
            </line>
            <line number="95" hits="0" branch="True" condition-coverage="0% (0/2)">
              <conditions>
                <condition number="178" type="jump" coverage="0%" />
              </conditions>
            </line>
            <line number="97" hits="0" branch="True" condition-coverage="0% (0/2)">
              <conditions>
                <condition number="100" type="jump" coverage="0%" />
              </conditions>
            </line>
            <line number="99" hits="0" branch="False" />
            <line number="103" hits="0" branch="False" />
            <line number="104" hits="0" branch="False" />
            <line number="105" hits="0" branch="False" />
            <line number="111" hits="0" branch="False" />
            <line number="112" hits="0" branch="True" condition-coverage="0% (0/2)">
              <conditions>
                <condition number="208" type="jump" coverage="0%" />
              </conditions>
            </line>
            <line number="114" hits="0" branch="False" />
            <line number="119" hits="0" branch="False" />
          </lines>
        </class>
        <class name="NexusLabs.Needlr.VerificationResult" filename="NexusLabs.Needlr/ServiceCollectionVerificationExtensions.cs" line-rate="0" branch-rate="0" complexity="10">
          <methods>
            <method name="get_Issues" signature="()" line-rate="0" branch-rate="1" complexity="1">
              <lines>
                <line number="126" hits="0" branch="False" />
              </lines>
            </method>
            <method name="get_IsValid" signature="()" line-rate="0" branch-rate="1" complexity="1">
              <lines>
                <line number="131" hits="0" branch="False" />
              </lines>
            </method>
            <method name="ThrowIfInvalid" signature="()" line-rate="0" branch-rate="0" complexity="2">
              <lines>
                <line number="138" hits="0" branch="True" condition-coverage="0% (0/2)">
                  <conditions>
                    <condition number="12" type="jump" coverage="0%" />
                  </conditions>
                </line>
                <line number="140" hits="0" branch="False" />
                <line number="142" hits="0" branch="False" />
              </lines>
            </method>
            <method name="ToDetailedReport" signature="()" line-rate="0" branch-rate="0" complexity="6">
              <lines>
                <line number="149" hits="0" branch="True" condition-coverage="0% (0/2)">
                  <conditions>
                    <condition number="11" type="jump" coverage="0%" />
                  </conditions>
                </line>
                <line number="151" hits="0" branch="False" />
                <line number="154" hits="0" branch="False" />
                <line number="155" hits="0" branch="False" />
                <line number="156" hits="0" branch="False" />
                <line number="158" hits="0" branch="True" condition-coverage="0% (0/2)">
                  <conditions>
                    <condition number="231" type="jump" coverage="0%" />
                  </conditions>
                </line>
                <line number="160" hits="0" branch="False" />
                <line number="161" hits="0" branch="True" condition-coverage="0% (0/2)">
                  <conditions>
                    <condition number="202" type="jump" coverage="0%" />
                  </conditions>
                </line>
                <line number="163" hits="0" branch="False" />
                <line number="165" hits="0" branch="False" />
                <line number="168" hits="0" branch="False" />
              </lines>
            </method>
          </methods>
          <lines>
            <line number="126" hits="0" branch="False" />
            <line number="131" hits="0" branch="False" />
            <line number="138" hits="0" branch="True" condition-coverage="0% (0/2)">
              <conditions>
                <condition number="12" type="jump" coverage="0%" />
              </conditions>
            </line>
            <line number="140" hits="0" branch="False" />
            <line number="142" hits="0" branch="False" />
            <line number="149" hits="0" branch="True" condition-coverage="0% (0/2)">
              <conditions>
                <condition number="11" type="jump" coverage="0%" />
              </conditions>
            </line>
            <line number="151" hits="0" branch="False" />
            <line number="154" hits="0" branch="False" />
            <line number="155" hits="0" branch="False" />
            <line number="156" hits="0" branch="False" />
            <line number="158" hits="0" branch="True" condition-coverage="0% (0/2)">
              <conditions>
                <condition number="231" type="jump" coverage="0%" />
              </conditions>
            </line>
            <line number="160" hits="0" branch="False" />
            <line number="161" hits="0" branch="True" condition-coverage="0% (0/2)">
              <conditions>
                <condition number="202" type="jump" coverage="0%" />
              </conditions>
            </line>
            <line number="163" hits="0" branch="False" />
            <line number="165" hits="0" branch="False" />
            <line number="168" hits="0" branch="False" />
          </lines>
        </class>
        <class name="NexusLabs.Needlr.ServiceProviderExtensions" filename="NexusLabs.Needlr/ServiceProviderExtensions.cs" line-rate="0" branch-rate="0" complexity="19">
          <methods>
            <method name="GetRegisteredTypes" signature="(System.IServiceProvider,System.Func`2&lt;System.Type,System.Boolean&gt;)" line-rate="0" branch-rate="0" complexity="2">
              <lines>
                <line number="38" hits="0" branch="False" />
                <line number="39" hits="0" branch="False" />
                <line number="43" hits="0" branch="True" condition-coverage="0% (0/2)">
                  <conditions>
                    <condition number="29" type="jump" coverage="0%" />
                  </conditions>
                </line>
                <line number="44" hits="0" branch="False" />
                <line number="45" hits="0" branch="False" />
                <line number="46" hits="0" branch="False" />
                <line number="48" hits="0" branch="False" />
                <line number="49" hits="0" branch="False" />
                <line number="50" hits="0" branch="False" />
                <line number="51" hits="0" branch="False" />
              </lines>
            </method>
            <method name="GetRegisteredTypesOf" signature="(System.IServiceProvider)" line-rate="0" branch-rate="0" complexity="2">
              <lines>
                <line number="72" hits="0" branch="True" condition-coverage="0% (0/2)">
                  <conditions>
                    <condition number="7" type="jump" coverage="0%" />
                  </conditions>
                </line>
                <line number="73" hits="0" branch="False" />
                <line number="74" hits="0" branch="False" />
              </lines>
            </method>
            <method name="IsRegistered" signature="(System.IServiceProvider)" line-rate="0" branch-rate="1" complexity="1">
[...]
              <lines>
                <line number="113" hits="8" branch="False" />
                <line number="116" hits="8" branch="False" />
                <line number="117" hits="8" branch="False" />
                <line number="119" hits="8" branch="True" condition-coverage="50% (1/2)">
                  <conditions>
                    <condition number="30" type="jump" coverage="50%" />
                  </conditions>
                </line>
                <line number="121" hits="8" branch="False" />
                <line number="122" hits="8" branch="False" />
                <line number="124" hits="0" branch="True" condition-coverage="50% (1/2)">
                  <conditions>
                    <condition number="72" type="jump" coverage="50%" />
                  </conditions>
                </line>
                <line number="126" hits="0" branch="False" />
                <line number="127" hits="0" branch="False" />
                <line number="130" hits="8" branch="True" condition-coverage="100% (6/6)">
                  <conditions>
                    <condition number="110" type="jump" coverage="100%" />
                    <condition number="119" type="jump" coverage="100%" />
                    <condition number="132" type="jump" coverage="100%" />
                  </conditions>
                </line>
                <line number="132" hits="4" branch="False" />
                <line number="133" hits="4" branch="False" />
                <line number="134" hits="4" branch="False" />
                <line number="135" hits="4" branch="False" />
                <line number="137" hits="4" branch="False" />
                <line number="139" hits="8" branch="False" />
              </lines>
            </method>
            <method name=".cctor" signature="()" line-rate="1" branch-rate="1" complexity="1">
              <lines>
                <line number="17" hits="1" branch="False" />
                <line number="18" hits="1" branch="False" />
                <line number="19" hits="1" branch="False" />
                <line number="20" hits="1" branch="False" />
                <line number="21" hits="1" branch="False" />
                <line number="22" hits="1" branch="False" />
                <line number="25" hits="1" branch="False" />
                <line number="26" hits="1" branch="False" />
                <line number="27" hits="1" branch="False" />
                <line number="28" hits="1" branch="False" />
                <line number="29" hits="1" branch="False" />
                <line number="30" hits="1" branch="False" />
                <line number="31" hits="1" branch="False" />
              </lines>
            </method>
          </methods>
          <lines>
            <line number="34" hits="242" branch="False" />
            <line number="38" hits="14" branch="False" />
            <line number="39" hits="14" branch="False" />
            <line number="41" hits="14" branch="False" />
            <line number="42" hits="14" branch="False" />
            <line number="43" hits="14" branch="False" />
            <line number="44" hits="9" branch="True" condition-coverage="100% (2/2)">
              <conditions>
                <condition number="11" type="jump" coverage="100%" />
              </conditions>
            </line>
            <line number="45" hits="14" branch="False" />
            <line number="46" hits="1" branch="False" />
            <line number="47" hits="14" branch="False" />
            <line number="48" hits="14" branch="False" />
            <line number="49" hits="14" branch="False" />
            <line number="50" hits="8" branch="False" />
            <line number="51" hits="8" branch="False" />
            <line number="52" hits="8" branch="False" />
            <line number="53" hits="14" branch="False" />
            <line number="54" hits="14" branch="False" />
            <line number="55" hits="8" branch="False" />
            <line number="56" hits="8" branch="False" />
            <line number="57" hits="8" branch="False" />
            <line number="58" hits="22" branch="False" />
            <line number="59" hits="14" branch="False" />
            <line number="64" hits="9" branch="False" />
            <line number="66" hits="9" branch="True" condition-coverage="100% (4/4)">
              <conditions>
                <condition number="25" type="jump" coverage="100%" />
                <condition number="39" type="jump" coverage="100%" />
              </conditions>
            </line>
            <line number="67" hits="9" branch="False" />
            <line number="69" hits="6" branch="False" />
            <line number="72" hits="3" branch="True" condition-coverage="100% (4/4)">
              <conditions>
                <condition number="56" type="jump" coverage="100%" />
                <condition number="70" type="jump" coverage="100%" />
              </conditions>
            </line>
            <line number="73" hits="3" branch="False" />
            <line number="75" hits="2" branch="False" />
            <line number="78" hits="1" branch="False" />
            <line number="83" hits="6" branch="False" />
            <line number="86" hits="6" branch="False" />
            <line number="87" hits="6" branch="False" />
            <line number="89" hits="6" branch="True" condition-coverage="50% (1/2)">
              <conditions>
                <condition number="30" type="jump" coverage="50%" />
              </conditions>
            </line>
            <line number="91" hits="6" branch="False" />
            <line number="92" hits="6" branch="False" />
            <line number="94" hits="0" branch="True" condition-coverage="50% (1/2)">
              <conditions>
                <condition number="82" type="jump" coverage="50%" />
              </conditions>
            </line>
            <line number="96" hits="0" branch="False" />
            <line number="97" hits="0" branch="False" />
            <line number="100" hits="6" branch="True" condition-coverage="100% (6/6)">
              <conditions>
                <condition number="110" type="jump" coverage="100%" />
                <condition number="119" type="jump" coverage="100%" />
                <condition number="132" type="jump" coverage="100%" />
              </conditions>
            </line>
            <line number="102" hits="6" branch="False" />
            <line number="103" hits="6" branch="False" />
            <line number="104" hits="6" branch="False" />
            <line number="105" hits="6" branch="False" />
            <line number="107" hits="6" branch="False" />
            <line number="109" hits="6" branch="False" />
            <line number="113" hits="8" branch="False" />
            <line number="116" hits="8" branch="False" />
            <line number="117" hits="8" branch="False" />
            <line number="119" hits="8" branch="True" condition-coverage="50% (1/2)">
              <conditions>
                <condition number="30" type="jump" coverage="50%" />
              </conditions>
            </line>
            <line number="121" hits="8" branch="False" />
            <line number="122" hits="8" branch="False" />
            <line number="124" hits="0" branch="True" condition-coverage="50% (1/2)">
              <conditions>
                <condition number="72" type="jump" coverage="50%" />
              </conditions>
            </line>
            <line number="126" hits="0" branch="False" />
            <line number="127" hits="0" branch="False" />
            <line number="130" hits="8" branch="True" condition-coverage="100% (6/6)">
              <conditions>
                <condition number="110" type="jump" coverage="100%" />
                <condition number="119" type="jump" coverage="100%" />
                <condition number="132" type="jump" coverage="100%" />
              </conditions>
            </line>
            <line number="132" hits="4" branch="False" />
            <line number="133" hits="4" branch="False" />
            <line number="134" hits="4" branch="False" />
            <line number="135" hits="4" branch="False" />
            <line number="137" hits="4" branch="False" />
            <line number="139" hits="8" branch="False" />
            <line number="17" hits="1" branch="False" />
            <line number="18" hits="1" branch="False" />
            <line number="19" hits="1" branch="False" />
            <line number="20" hits="1" branch="False" />
            <line number="21" hits="1" branch="False" />
            <line number="22" hits="1" branch="False" />
            <line number="25" hits="1" branch="False" />
            <line number="26" hits="1" branch="False" />
            <line number="27" hits="1" branch="False" />
            <line number="28" hits="1" branch="False" />
            <line number="29" hits="1" branch="False" />
            <line number="30" hits="1" branch="False" />
            <line number="31" hits="1" branch="False" />
          </lines>
        </class>
        <class name="NexusLabs.Needlr.Analyzers.RegisterAsAttributeAnalyzer" filename="NexusLabs.Needlr.Analyzers/RegisterAsAttributeAnalyzer.cs" line-rate="0.8461" branch-rate="0.7142000000000001" complexity="30">
          <methods>
            <method name="get_SupportedDiagnostics" signature="()" line-rate="1" branch-rate="1" complexity="1">
              <lines>
                <line number="21" hits="162" branch="False" />
              </lines>
            </method>
            <method name="Initialize" signature="(Microsoft.CodeAnalysis.Diagnostics.AnalysisContext)" line-rate="1" branch-rate="1" complexity="1">
              <lines>
                <line number="25" hits="15" branch="False" />
                <line number="26" hits="15" branch="False" />
                <line number="28" hits="15" branch="False" />
                <line number="29" hits="15" branch="False" />
              </lines>
            </method>
            <method name="AnalyzeAttribute" signature="(Microsoft.CodeAnalysis.Diagnostics.SyntaxNodeAnalysisContext)" line-rate="0.88" branch-rate="0.75" complexity="20">
              <lines>
                <line number="33" hits="84" branch="False" />
                <line number="34" hits="84" branch="True" condition-coverage="50% (1/2)">
                  <conditions>
                    <condition number="46" type="jump" coverage="50%" />
                  </conditions>
                </line>
                <line number="36" hits="84" branch="True" condition-coverage="50% (1/2)">
                  <conditions>
                    <condition number="59" type="jump" coverage="50%" />
                  </conditions>
                </line>
                <line number="37" hits="0" branch="False" />
                <line number="40" hits="84" branch="True" condition-coverage="100% (2/2)">
                  <conditions>
                    <condition number="68" type="jump" coverage="100%" />
                  </conditions>
                </line>
                <line number="41" hits="72" branch="False" />
                <line number="44" hits="12" branch="True" condition-coverage="50% (1/2)">
                  <conditions>
                    <condition number="78" type="jump" coverage="50%" />
                  </conditions>
                </line>
                <line number="45" hits="12" branch="True" condition-coverage="50% (1/2)">
                  <conditions>
                    <condition number="96" type="jump" coverage="50%" />
                  </conditions>
                </line>
                <line number="46" hits="0" branch="False" />
                <line number="48" hits="12" branch="False" />
                <line number="49" hits="12" branch="True" condition-coverage="50% (1/2)">
                  <conditions>
                    <condition number="124" type="jump" coverage="50%" />
                  </conditions>
                </line>
                <line number="50" hits="0" branch="False" />
                <line number="53" hits="12" branch="True" condition-coverage="100% (4/4)">
                  <conditions>
                    <condition number="133" type="jump" coverage="100%" />
                    <condition number="154" type="jump" coverage="100%" />
                  </conditions>
                </line>
                <line number="55" hits="12" branch="False" />
                <line number="56" hits="12" branch="True" condition-coverage="100% (2/2)">
                  <conditions>
                    <condition number="198" type="jump" coverage="100%" />
                  </conditions>
                </line>
                <line number="59" hits="12" branch="False" />
                <line number="60" hits="28" branch="False" />
                <line number="62" hits="12" branch="True" condition-coverage="100% (2/2)">
                  <conditions>
                    <condition number="224" type="jump" coverage="100%" />
                  </conditions>
                </line>
                <line number="64" hits="6" branch="False" />
                <line number="65" hits="6" branch="False" />
                <line number="66" hits="6" branch="False" />
                <line number="67" hits="6" branch="False" />
                <line number="68" hits="6" branch="False" />
                <line number="70" hits="6" branch="False" />
                <line number="74" hits="12" branch="False" />
              </lines>
            </method>
            <method name="IsRegisterAsAttribute" signature="(Microsoft.CodeAnalysis.INamedTypeSymbol)" line-rate="0.6666" branch-rate="0.625" complexity="8">
              <lines>
                <line number="79" hits="84" branch="False" />
                <line number="80" hits="84" branch="True" condition-coverage="100% (2/2)">
                  <conditions>
                    <condition number="16" type="jump" coverage="100%" />
                  </conditions>
                </line>
                <line number="83" hits="72" branch="True" condition-coverage="50% (1/2)">
                  <conditions>
                    <condition number="24" type="jump" coverage="50%" />
                  </conditions>
                </line>
                <line number="85" hits="0" branch="False" />
                <line number="86" hits="0" branch="True" condition-coverage="50% (1/2)">
                  <conditions>
                    <condition number="47" type="jump" coverage="50%" />
                  </conditions>
                </line>
                <line number="87" hits="0" branch="False" />
                <line number="91" hits="72" branch="False" />
                <line number="95" hits="12" branch="True" condition-coverage="50% (1/2)">
                  <conditions>
                    <condition number="60" type="jump" coverage="50%" />
                  </conditions>
                </line>
                <line number="96" hits="12" branch="False" />
              </lines>
            </method>
          </methods>
          <lines>
            <line number="21" hits="162" branch="False" />
            <line number="25" hits="15" branch="False" />
            <line number="26" hits="15" branch="False" />
            <line number="28" hits="15" branch="False" />
            <line number="29" hits="15" branch="False" />
            <line number="33" hits="84" branch="False" />
            <line number="34" hits="84" branch="True" condition-coverage="50% (1/2)">
              <conditions>
                <condition number="46" type="jump" coverage="50%" />
              </conditions>
            </line>
            <line number="36" hits="84" branch="True" condition-coverage="50% (1/2)">
              <conditions>
                <condition number="59" type="jump" coverage="50%" />
              </conditions>
            </line>
            <line number="37" hits="0" branch="False" />
            <line number="40" hits="84" branch="True" condition-coverage="100% (2/2)">
              <conditions>
                <condition number="68" type="jump" coverage="100%" />
              </conditions>
            </line>
            <line number="41" hits="72" branch="False" />
            <line number="44" hits="12" branch="True" condition-coverage="50% (1/2)">
              <conditions>
                <condition number="78" type="jump" coverage="50%" />
              </conditions>
            </line>
            <line number="45" hits="12" branch="True" condition-coverage="50% (1/2)">
              <conditions>
                <condition number="96" type="jump" coverage="50%" />
              </conditions>
            </line>
            <line number="46" hits="0" branch="False" />
            <line number="48" hits="12" branch="False" />
            <line number="49" hits="12" branch="True" condition-coverage="50% (1/2)">
              <conditions>
                <condition number="124" type="jump" coverage="50%" />
              </conditions>
            </line>
            <line number="50" hits="0" branch="False" />
            <line number="53" hits="12" branch="True" condition-coverage="100% (4/4)">
              <conditions>
                <condition number="133" type="jump" coverage="100%" />
                <condition number="154" type="jump" coverage="100%" />
              </conditions>
            </line>
            <line number="55" hits="12" branch="False" />
            <line number="56" hits="12" branch="True" condition-coverage="100% (2/2)">
              <conditions>
                <condition number="198" type="jump" coverage="100%" />
              </conditions>
            </line>
            <line number="59" hits="12" branch="False" />
            <line number="60" hits="28" branch="False" />
            <line number="62" hits="12" branch="True" condition-coverage="100% (2/2)">
              <conditions>
                <condition number="224" type="jump" coverage="100%" />
              </conditions>
            </line>
            <line number="64" hits="6" branch="False" />
            <line number="65" hits="6" branch="False" />
            <line number="66" hits="6" branch="False" />
            <line number="67" hits="6" branch="False" />
            <line number="68" hits="6" branch="False" />
            <line number="70" hits="6" branch="False" />
            <line number="74" hits="12" branch="False" />
            <line number="79" hits="84" branch="False" />
            <line number="80" hits="84" branch="True" condition-coverage="100% (2/2)">
              <conditions>
                <condition number="16" type="jump" coverage="100%" />
              </conditions>
            </line>
            <line number="83" hits="72" branch="True" condition-coverage="50% (1/2)">
              <conditions>
                <condition number="24" type="jump" coverage="50%" />
              </conditions>
            </line>
            <line number="85" hits="0" branch="False" />
            <line number="86" hits="0" branch="True" condition-coverage="50% (1/2)">
              <conditions>
                <condition number="47" type="jump" coverage="50%" />
              </conditions>
            </line>
            <line number="87" hits="0" branch="False" />
            <line number="91" hits="72" branch="False" />
            <line number="95" hits="12" branch="True" condition-coverage="50% (1/2)">
              <conditions>
                <condition number="60" type="jump" coverage="50%" />
              </conditions>
            </line>
            <line number="96" hits="12" branch="False" />
          </lines>
        </class>
      </classes>
    </package>
  </packages>
</coverage>